app/build/outputs/logs/manifest-merger-debug-report.txt
-- Merging decision tree log ---
manifest
ADDED from src/main/AndroidManifest.xml:2:1-40:12
	xmlns:android
		ADDED from src/main/AndroidManifest.xml:2:11-69
	package
		ADDED from src/main/AndroidManifest.xml:3:5-47
		INJECTED from src/main/AndroidManifest.xml
		INJECTED from src/main/AndroidManifest.xml
uses-permission#android.permission.NFC
ADDED from src/main/AndroidManifest.xml:5:5-62
	android:name
		ADDED from src/main/AndroidManifest.xml:5:22-59
application
ADDED from src/main/AndroidManifest.xml:7:5-38:19
MERGED from [com.android.support:support-v4:23.0.1] AndroidManifest.xml:22:5-20
	android:label
		ADDED from src/main/AndroidManifest.xml:7:18-50
service#com.example.android.softkeyboard.SoftKeyboard
ADDED from src/main/AndroidManifest.xml:8:9-18:19
	android:permission
		ADDED from src/main/AndroidManifest.xml:10:13-70
	android:name
		ADDED from src/main/AndroidManifest.xml:9:13-41
intent-filter#android.view.InputMethod
ADDED from src/main/AndroidManifest.xml:11:13-13:29
action#android.view.InputMethod
ADDED from src/main/AndroidManifest.xml:12:17-67
	android:name
		ADDED from src/main/AndroidManifest.xml:12:25-64
meta-data#android.view.im
ADDED from src/main/AndroidManifest.xml:15:13-17:50
	android:resource
		ADDED from src/main/AndroidManifest.xml:17:17-47
	android:name
		ADDED from src/main/AndroidManifest.xml:16:17-47
activity#com.example.android.softkeyboard.ImePreferences
ADDED from src/main/AndroidManifest.xml:20:9-26:20
	android:label
		ADDED from src/main/AndroidManifest.xml:22:13-50
	android:name
		ADDED from src/main/AndroidManifest.xml:21:13-43
intent-filter#android.intent.action.MAIN
ADDED from src/main/AndroidManifest.xml:23:13-25:29
action#android.intent.action.MAIN
ADDED from src/main/AndroidManifest.xml:24:17-69
	android:name
		ADDED from src/main/AndroidManifest.xml:24:25-66
activity#com.example.android.softkeyboard.TransparentActivity
ADDED from src/main/AndroidManifest.xml:27:9-37:20
	android:label
		ADDED from src/main/AndroidManifest.xml:32:13-63
	android:configChanges
		ADDED from src/main/AndroidManifest.xml:31:13-74
	android:theme
		ADDED from src/main/AndroidManifest.xml:30:13-53
	android:name
		ADDED from src/main/AndroidManifest.xml:28:13-48
	android:launchMode
		ADDED from src/main/AndroidManifest.xml:29:13-44
intent-filter#android.intent.category.DEFAULT+android.nfc.action.TAG_DISCOVERED
ADDED from src/main/AndroidManifest.xml:33:13-36:29
action#android.nfc.action.TAG_DISCOVERED
ADDED from src/main/AndroidManifest.xml:34:17-76
	android:name
		ADDED from src/main/AndroidManifest.xml:34:25-73
category#android.intent.category.DEFAULT
ADDED from src/main/AndroidManifest.xml:35:17-76
	android:name
		ADDED from src/main/AndroidManifest.xml:35:27-73
uses-sdk
INJECTED from src/main/AndroidManifest.xml reason: use-sdk injection requested
MERGED from [com.android.support:support-v4:23.0.1] AndroidManifest.xml:20:5-43
	android:minSdkVersion
		INJECTED from src/main/AndroidManifest.xml
		INJECTED from src/main/AndroidManifest.xml